app/build/intermediates/manifest_merge_blame_file/debug/processDebugMainManifest/manifest-merger-blame-debug-report.txt
1<?xml version="1.0" encoding="utf-8"?>
2<manifest xmlns:android="http://schemas.android.com/apk/res/android"
3    package="com.resqmesh.app"
4    android:versionCode="4"
5    android:versionName="0.4.0-mvp-3phone-mesh" >
6
7    <uses-sdk
8        android:minSdkVersion="26"
9        android:targetSdkVersion="34" />
10
11    <!-- Location is required by Nearby Connections for BLE/Wi-Fi scanning on API < 33 -->
12    <uses-permission android:name="android.permission.ACCESS_FINE_LOCATION" />
12-->src\main\AndroidManifest.xml:6:5-79
12-->src\main\AndroidManifest.xml:6:22-76
13    <uses-permission android:name="android.permission.ACCESS_COARSE_LOCATION" />
13-->src\main\AndroidManifest.xml:7:5-81
13-->src\main\AndroidManifest.xml:7:22-78
14
15    <!-- Legacy Bluetooth permissions (API <= 30) -->
16    <uses-permission
16-->src\main\AndroidManifest.xml:10:5-95
17        android:name="android.permission.BLUETOOTH"
17-->src\main\AndroidManifest.xml:10:22-65
18        android:maxSdkVersion="30" />
18-->src\main\AndroidManifest.xml:10:66-92
19    <uses-permission
19-->src\main\AndroidManifest.xml:11:5-101
20        android:name="android.permission.BLUETOOTH_ADMIN"
20-->src\main\AndroidManifest.xml:11:22-71
21        android:maxSdkVersion="30" />
21-->src\main\AndroidManifest.xml:11:72-98
22
23    <!-- Modern Bluetooth permissions (API 31+) -->
24    <uses-permission android:name="android.permission.BLUETOOTH_ADVERTISE" />
24-->src\main\AndroidManifest.xml:14:5-78
24-->src\main\AndroidManifest.xml:14:22-75
25    <uses-permission android:name="android.permission.BLUETOOTH_CONNECT" />
25-->src\main\AndroidManifest.xml:15:5-76
25-->src\main\AndroidManifest.xml:15:22-73
26    <uses-permission
26-->src\main\AndroidManifest.xml:16:5-120
27        android:name="android.permission.BLUETOOTH_SCAN"
27-->src\main\AndroidManifest.xml:16:22-70
28        android:usesPermissionFlags="neverForLocation" />
28-->src\main\AndroidManifest.xml:16:71-117
29
30    <!-- Wi-Fi (used by Nearby Connections' Wi-Fi Direct / Hotspot strategies) -->
31    <uses-permission android:name="android.permission.ACCESS_WIFI_STATE" />
31-->src\main\AndroidManifest.xml:19:5-76
31-->src\main\AndroidManifest.xml:19:22-73
32    <uses-permission android:name="android.permission.CHANGE_WIFI_STATE" />
32-->src\main\AndroidManifest.xml:20:5-76
32-->src\main\AndroidManifest.xml:20:22-73
33    <uses-permission
33-->src\main\AndroidManifest.xml:21:5-146
34        android:name="android.permission.NEARBY_WIFI_DEVICES"
34-->src\main\AndroidManifest.xml:21:22-75
35        android:usesPermissionFlags="neverForLocation" />
35-->src\main\AndroidManifest.xml:21:76-122
36
37    <!-- Nearby Connections falls back to internet-based signaling on some strategies; not required for local mesh -->
38    <uses-permission android:name="android.permission.INTERNET" />
38-->src\main\AndroidManifest.xml:24:5-67
38-->src\main\AndroidManifest.xml:24:22-64
39    <uses-permission android:name="android.permission.ACCESS_NETWORK_STATE" />
39-->src\main\AndroidManifest.xml:25:5-79
39-->src\main\AndroidManifest.xml:25:22-76
40    <uses-permission android:name="android.permission.FOREGROUND_SERVICE" />
40-->src\main\AndroidManifest.xml:27:5-77
40-->src\main\AndroidManifest.xml:27:22-74
41
42    <!-- Emergency alert notifications, required to POST on API 33+ -->
43    <uses-permission android:name="android.permission.POST_NOTIFICATIONS" />
43-->src\main\AndroidManifest.xml:30:5-77
43-->src\main\AndroidManifest.xml:30:22-74
44
45    <permission
45-->[androidx.core:core:1.13.1] AndroidManifest.xml:22:5-24:47
46        android:name="com.resqmesh.app.DYNAMIC_RECEIVER_NOT_EXPORTED_PERMISSION"
46-->[androidx.core:core:1.13.1] AndroidManifest.xml:23:9-81
47        android:protectionLevel="signature" />
47-->[androidx.core:core:1.13.1] AndroidManifest.xml:24:9-44
48
49    <uses-permission android:name="com.resqmesh.app.DYNAMIC_RECEIVER_NOT_EXPORTED_PERMISSION" />
49-->[androidx.core:core:1.13.1] AndroidManifest.xml:26:5-97
49-->[androidx.core:core:1.13.1] AndroidManifest.xml:26:22-94
50
51    <application
51-->src\main\AndroidManifest.xml:32:5-48:19
52        android:allowBackup="true"
52-->src\main\AndroidManifest.xml:33:9-35
53        android:appComponentFactory="androidx.core.app.CoreComponentFactory"
53-->[androidx.core:core:1.13.1] AndroidManifest.xml:28:18-86
54        android:debuggable="true"
55        android:extractNativeLibs="false"
56        android:icon="@mipmap/ic_launcher"
56-->src\main\AndroidManifest.xml:34:9-43
57        android:label="ResQMesh"
57-->src\main\AndroidManifest.xml:35:9-33
58        android:supportsRtl="true"
58-->src\main\AndroidManifest.xml:37:9-35
59        android:theme="@style/Theme.ResQMesh" >
59-->src\main\AndroidManifest.xml:36:9-46
60        <activity
60-->src\main\AndroidManifest.xml:39:9-47:20
61            android:name="com.resqmesh.app.MainActivity"
61-->src\main\AndroidManifest.xml:40:13-41
62            android:exported="true"
62-->src\main\AndroidManifest.xml:41:13-36
63            android:label="ResQMesh" >
63-->src\main\AndroidManifest.xml:42:13-37
64            <intent-filter>
64-->src\main\AndroidManifest.xml:43:13-46:29
65                <action android:name="android.intent.action.MAIN" />
65-->src\main\AndroidManifest.xml:44:17-69
65-->src\main\AndroidManifest.xml:44:25-66
66
67                <category android:name="android.intent.category.LAUNCHER" />
67-->src\main\AndroidManifest.xml:45:17-77
67-->src\main\AndroidManifest.xml:45:27-74
68            </intent-filter>
69        </activity>
70
71        <service
71-->[com.google.android.gms:play-services-nearby:19.3.0] AndroidManifest.xml:9:9-214
72            android:name="com.google.android.gms.nearby.exposurenotification.WakeUpService"
72-->[com.google.android.gms:play-services-nearby:19.3.0] AndroidManifest.xml:9:18-97
73            android:exported="true"
73-->[com.google.android.gms:play-services-nearby:19.3.0] AndroidManifest.xml:9:98-121
74            android:permission="com.google.android.gms.nearby.exposurenotification.EXPOSURE_CALLBACK" />
74-->[com.google.android.gms:play-services-nearby:19.3.0] AndroidManifest.xml:9:122-211
75
76        <activity
76-->[com.google.android.gms:play-services-base:18.5.0] AndroidManifest.xml:5:9-173
77            android:name="com.google.android.gms.common.api.GoogleApiActivity"
77-->[com.google.android.gms:play-services-base:18.5.0] AndroidManifest.xml:5:19-85
78            android:exported="false"
78-->[com.google.android.gms:play-services-base:18.5.0] AndroidManifest.xml:5:146-170
79            android:theme="@android:style/Theme.Translucent.NoTitleBar" />
79-->[com.google.android.gms:play-services-base:18.5.0] AndroidManifest.xml:5:86-145
80
81        <meta-data
81-->[com.google.android.gms:play-services-basement:18.4.0] AndroidManifest.xml:6:9-122
82            android:name="com.google.android.gms.version"
82-->[com.google.android.gms:play-services-basement:18.4.0] AndroidManifest.xml:6:20-65
83            android:value="@integer/google_play_services_version" />
83-->[com.google.android.gms:play-services-basement:18.4.0] AndroidManifest.xml:6:66-119
84
85        <activity
85-->[androidx.compose.ui:ui-test-manifest:1.6.8] AndroidManifest.xml:23:9-25:39
86            android:name="androidx.activity.ComponentActivity"
86-->[androidx.compose.ui:ui-test-manifest:1.6.8] AndroidManifest.xml:24:13-63
87            android:exported="true" />
87-->[androidx.compose.ui:ui-test-manifest:1.6.8] AndroidManifest.xml:25:13-36
88        <activity
88-->[androidx.compose.ui:ui-tooling-android:1.6.8] AndroidManifest.xml:23:9-25:39
89            android:name="androidx.compose.ui.tooling.PreviewActivity"
89-->[androidx.compose.ui:ui-tooling-android:1.6.8] AndroidManifest.xml:24:13-71
90            android:exported="true" />
90-->[androidx.compose.ui:ui-tooling-android:1.6.8] AndroidManifest.xml:25:13-36
91
92        <provider
92-->[androidx.emoji2:emoji2:1.3.0] AndroidManifest.xml:24:9-32:20
93            android:name="androidx.startup.InitializationProvider"
93-->[androidx.emoji2:emoji2:1.3.0] AndroidManifest.xml:25:13-67
94            android:authorities="com.resqmesh.app.androidx-startup"
94-->[androidx.emoji2:emoji2:1.3.0] AndroidManifest.xml:26:13-68
95            android:exported="false" >
95-->[androidx.emoji2:emoji2:1.3.0] AndroidManifest.xml:27:13-37
96            <meta-data
96-->[androidx.emoji2:emoji2:1.3.0] AndroidManifest.xml:29:13-31:52
97                android:name="androidx.emoji2.text.EmojiCompatInitializer"
97-->[androidx.emoji2:emoji2:1.3.0] AndroidManifest.xml:30:17-75
98                android:value="androidx.startup" />
98-->[androidx.emoji2:emoji2:1.3.0] AndroidManifest.xml:31:17-49
99            <meta-data
99-->[androidx.lifecycle:lifecycle-process:2.8.4] AndroidManifest.xml:29:13-31:52
100                android:name="androidx.lifecycle.ProcessLifecycleInitializer"
100-->[androidx.lifecycle:lifecycle-process:2.8.4] AndroidManifest.xml:30:17-78
101                android:value="androidx.startup" />
101-->[androidx.lifecycle:lifecycle-process:2.8.4] AndroidManifest.xml:31:17-49
102            <meta-data
102-->[androidx.profileinstaller:profileinstaller:1.3.1] AndroidManifest.xml:29:13-31:52
103                android:name="androidx.profileinstaller.ProfileInstallerInitializer"
103-->[androidx.profileinstaller:profileinstaller:1.3.1] AndroidManifest.xml:30:17-85
104                android:value="androidx.startup" />
104-->[androidx.profileinstaller:profileinstaller:1.3.1] AndroidManifest.xml:31:17-49
105        </provider>
106
107        <receiver
107-->[androidx.profileinstaller:profileinstaller:1.3.1] AndroidManifest.xml:34:9-52:20
108            android:name="androidx.profileinstaller.ProfileInstallReceiver"
108-->[androidx.profileinstaller:profileinstaller:1.3.1] AndroidManifest.xml:35:13-76
109            android:directBootAware="false"
109-->[androidx.profileinstaller:profileinstaller:1.3.1] AndroidManifest.xml:36:13-44
110            android:enabled="true"
110-->[androidx.profileinstaller:profileinstaller:1.3.1] AndroidManifest.xml:37:13-35
111            android:exported="true"
111-->[androidx.profileinstaller:profileinstaller:1.3.1] AndroidManifest.xml:38:13-36
112            android:permission="android.permission.DUMP" >
112-->[androidx.profileinstaller:profileinstaller:1.3.1] AndroidManifest.xml:39:13-57
113            <intent-filter>
113-->[androidx.profileinstaller:profileinstaller:1.3.1] AndroidManifest.xml:40:13-42:29
114                <action android:name="androidx.profileinstaller.action.INSTALL_PROFILE" />
114-->[androidx.profileinstaller:profileinstaller:1.3.1] AndroidManifest.xml:41:17-91
114-->[androidx.profileinstaller:profileinstaller:1.3.1] AndroidManifest.xml:41:25-88
115            </intent-filter>
116            <intent-filter>
116-->[androidx.profileinstaller:profileinstaller:1.3.1] AndroidManifest.xml:43:13-45:29
117                <action android:name="androidx.profileinstaller.action.SKIP_FILE" />
117-->[androidx.profileinstaller:profileinstaller:1.3.1] AndroidManifest.xml:44:17-85
117-->[androidx.profileinstaller:profileinstaller:1.3.1] AndroidManifest.xml:44:25-82
118            </intent-filter>
119            <intent-filter>
119-->[androidx.profileinstaller:profileinstaller:1.3.1] AndroidManifest.xml:46:13-48:29
120                <action android:name="androidx.profileinstaller.action.SAVE_PROFILE" />
120-->[androidx.profileinstaller:profileinstaller:1.3.1] AndroidManifest.xml:47:17-88
120-->[androidx.profileinstaller:profileinstaller:1.3.1] AndroidManifest.xml:47:25-85
121            </intent-filter>
122            <intent-filter>
122-->[androidx.profileinstaller:profileinstaller:1.3.1] AndroidManifest.xml:49:13-51:29
123                <action android:name="androidx.profileinstaller.action.BENCHMARK_OPERATION" />
123-->[androidx.profileinstaller:profileinstaller:1.3.1] AndroidManifest.xml:50:17-95
123-->[androidx.profileinstaller:profileinstaller:1.3.1] AndroidManifest.xml:50:25-92
124            </intent-filter>
125        </receiver>
126    </application>
127
128</manifest>